{"pid":581, "timestamp":"2022/Oct/27 05:09:01", "status":404, "latency":"    2ms", "method":"POST", "path":"/api/v1/"}
{"pid":581, "timestamp":"2022/Oct/27 05:09:21", "status":404, "latency":"     0s", "method":"POST", "path":"/api/v1/"}
{"pid":581, "timestamp":"2022/Oct/27 05:11:07", "status":404, "latency":"     0s", "method":"GET", "path":"/api/v1/"}
{"pid":736, "timestamp":"2022/Oct/27 05:13:34", "status":404, "latency":"     0s", "method":"POST", "path":"/api/v1/"}
{"pid":1314, "timestamp":"2022/Oct/27 05:53:12", "status":404, "latency":"    2ms", "method":"POST", "path":"/api/v1/"}
{"pid":1468, "timestamp":"2022/Oct/27 05:54:07", "status":404, "latency":"    1ms", "method":"POST", "path":"/api/v1/"}
{"pid":1619, "timestamp":"2022/Oct/27 05:55:36", "status":404, "latency":"     0s", "method":"POST", "path":"/api/v1/"}
{"pid":1962, "timestamp":"2022/Oct/27 05:57:42", "status":404, "latency":"    3ms", "method":"POST", "path":"/api/v1/"}
{"pid":1962, "timestamp":"2022/Oct/27 05:57:48", "status":404, "latency":"     0s", "method":"POST", "path":"/api/v1/"}
{"pid":1962, "timestamp":"2022/Oct/27 05:58:06", "status":404, "latency":"     0s", "method":"POST", "path":"/api/v1/healty"}
{"pid":2203, "timestamp":"2022/Oct/27 05:59:07", "status":404, "latency":"    1ms", "method":"POST", "path":"/api/v1/healty"}
{"pid":2203, "timestamp":"2022/Oct/27 05:59:30", "status":405, "latency":"     0s", "method":"POST", "path":"/api/healty"}
{"pid":2197, "timestamp":"2022/Oct/27 06:00:01", "status":200, "latency":"   82ms", "method":"POST", "path":"/api"}
{"pid":2197, "timestamp":"2022/Oct/27 06:00:13", "status":404, "latency":"     0s", "method":"POST", "path":"/api/healthy"}
{"pid":2197, "timestamp":"2022/Oct/27 06:00:19", "status":404, "latency":"     0s", "method":"POST", "path":"/api/healt"}
{"pid":2197, "timestamp":"2022/Oct/27 06:00:28", "status":405, "latency":"     0s", "method":"POST", "path":"/api/healty"}
{"pid":2339, "timestamp":"2022/Oct/27 06:01:22", "status":405, "latency":"    2ms", "method":"POST", "path":"/api/health"}
{"pid":2459, "timestamp":"2022/Oct/27 06:03:00", "status":200, "latency":"     0s", "method":"GET", "path":"/api/v1/health"}
{"pid":2459, "timestamp":"2022/Oct/27 06:03:15", "status":405, "latency":"     0s", "method":"GET", "path":"/api/v1/"}
{"pid":2459, "timestamp":"2022/Oct/27 06:03:25", "status":409, "latency":"   36ms", "method":"POST", "path":"/api/v1"}
{"pid":2459, "timestamp":"2022/Oct/27 06:03:40", "status":405, "latency":"     0s", "method":"GET", "path":"/api/v1/"}
{"pid":2832, "timestamp":"2022/Oct/27 06:06:32", "status":409, "latency":"   35ms", "method":"POST", "path":"/api/v1"}
{"pid":2832, "timestamp":"2022/Oct/27 06:06:37", "status":409, "latency":"   14ms", "method":"POST", "path":"/api/v1"}
{"pid":3311, "timestamp":"2022/Oct/27 06:09:43", "status":409, "latency":"   19ms", "method":"POST", "path":"/api/v1"}
{"pid":3382, "timestamp":"2022/Oct/27 06:11:00", "status":409, "latency":"   23ms", "method":"POST", "path":"/api/v1"}
{"pid":3382, "timestamp":"2022/Oct/27 06:11:08", "status":409, "latency":"   13ms", "method":"POST", "path":"/api/v1"}
{"pid":3453, "timestamp":"2022/Oct/27 06:11:29", "status":200, "latency":"   30ms", "method":"POST", "path":"/api/v1"}
{"pid":3526, "timestamp":"2022/Oct/27 06:11:57", "status":405, "latency":"    1ms", "method":"GET", "path":"/api/v1/"}
{"pid":3526, "timestamp":"2022/Oct/27 06:12:00", "status":405, "latency":"     0s", "method":"GET", "path":"/api/v1/"}
{"pid":3527, "timestamp":"2022/Oct/27 06:12:43", "status":405, "latency":"     0s", "method":"GET", "path":"/api/v1/"}
{"pid":3527, "timestamp":"2022/Oct/27 06:12:46", "status":405, "latency":"     0s", "method":"GET", "path":"/api/v1/"}
{"pid":3527, "timestamp":"2022/Oct/27 06:12:49", "status":405, "latency":"     0s", "method":"GET", "path":"/api/v1/"}
{"pid":3600, "timestamp":"2022/Oct/27 06:13:30", "status":405, "latency":"    1ms", "method":"GET", "path":"/api/v1/"}
{"pid":3815, "timestamp":"2022/Oct/27 06:14:19", "status":405, "latency":"    3ms", "method":"GET", "path":"/api/v1/"}
{"pid":3815, "timestamp":"2022/Oct/27 06:14:23", "status":405, "latency":"     0s", "method":"GET", "path":"/api/v1/"}
{"pid":3815, "timestamp":"2022/Oct/27 06:14:34", "status":405, "latency":"     0s", "method":"GET", "path":"/api/v1/"}
{"pid":3815, "timestamp":"2022/Oct/27 06:14:52", "status":200, "latency":"   21ms", "method":"GET", "path":"/api/v1/siswa"}
{"pid":4246, "timestamp":"2022/Oct/27 06:17:09", "status":200, "latency":"   10ms", "method":"GET", "path":"/api/v1/siswa/3"}
{"pid":5238, "timestamp":"2022/Oct/27 06:23:28", "status":500, "latency":"   14ms", "method":"GET", "path":"/api/v1/siswa/9999"}
{"pid":5238, "timestamp":"2022/Oct/27 06:23:33", "status":500, "latency":"    8ms", "method":"GET", "path":"/api/v1/siswa/9999"}
{"pid":5238, "timestamp":"2022/Oct/27 06:23:36", "status":200, "latency":"    2ms", "method":"GET", "path":"/api/v1/siswa/3"}
{"pid":5238, "timestamp":"2022/Oct/27 06:23:41", "status":500, "latency":"   24ms", "method":"GET", "path":"/api/v1/siswa/444"}
{"pid":579, "timestamp":"2022/Oct/27 19:24:36", "status":500, "latency":"   68ms", "method":"POST", "path":"/api/v1"}
{"pid":777, "timestamp":"2022/Oct/27 19:26:56", "status":500, "latency":"   11ms", "method":"POST", "path":"/api/v1"}
{"pid":255, "timestamp":"2022/Oct/27 20:15:12", "status":500, "latency":"   62ms", "method":"POST", "path":"/api/v1"}
{"pid":405, "timestamp":"2022/Oct/27 20:16:08", "status":500, "latency":"  100ms", "method":"POST", "path":"/api/v1"}
{"pid":490, "timestamp":"2022/Oct/27 20:18:49", "status":500, "latency":"  119ms", "method":"POST", "path":"/api/v1"}
{"pid":729, "timestamp":"2022/Oct/27 20:22:45", "status":500, "latency":"   83ms", "method":"POST", "path":"/api/v1"}
{"pid":729, "timestamp":"2022/Oct/27 20:22:52", "status":500, "latency":"    5ms", "method":"POST", "path":"/api/v1"}
{"pid":916, "timestamp":"2022/Oct/27 20:23:51", "status":500, "latency":"   69ms", "method":"POST", "path":"/api/v1"}
{"pid":1048, "timestamp":"2022/Oct/27 20:26:38", "status":500, "latency":"   90ms", "method":"POST", "path":"/api/v1"}
{"pid":70, "timestamp":"2022/Oct/27 20:33:52", "status":500, "latency":"   76ms", "method":"POST", "path":"/api/v1"}
{"pid":331, "timestamp":"2022/Oct/27 20:37:13", "status":500, "latency":"  117ms", "method":"POST", "path":"/api/v1"}
{"pid":564, "timestamp":"2022/Oct/27 20:52:27", "status":500, "latency":"   83ms", "method":"POST", "path":"/api/v1"}
{"pid":564, "timestamp":"2022/Oct/27 20:52:54", "status":500, "latency":"    4ms", "method":"POST", "path":"/api/v1"}
{"pid":819, "timestamp":"2022/Oct/28 09:17:16", "status":400, "latency":"   82ms", "method":"POST", "path":"/api/v1"}
{"pid":1630, "timestamp":"2022/Oct/28 10:05:19", "status":400, "latency":"   97ms", "method":"POST", "path":"/api/v1"}
{"pid":1631, "timestamp":"2022/Oct/28 10:05:57", "status":200, "latency":"   45ms", "method":"GET", "path":"/api/v1/siswa"}
{"pid":1631, "timestamp":"2022/Oct/28 10:06:00", "status":500, "latency":"   76ms", "method":"GET", "path":"/api/v1/siswa/444"}
{"pid":1955, "timestamp":"2022/Oct/28 10:13:42", "status":500, "latency":"   88ms", "method":"GET", "path":"/api/v1/siswa/444"}
{"pid":1955, "timestamp":"2022/Oct/28 10:18:09", "status":500, "latency":"    6ms", "method":"GET", "path":"/api/v1/siswa/444"}
{"pid":1956, "timestamp":"2022/Oct/28 10:19:08", "status":500, "latency":"   90ms", "method":"GET", "path":"/api/v1/siswa/444"}
{"pid":2398, "timestamp":"2022/Oct/28 10:30:07", "status":500, "latency":"   80ms", "method":"GET", "path":"/api/v1/siswa/444"}
{"pid":2456, "timestamp":"2022/Oct/28 10:30:27", "status":500, "latency":"   45ms", "method":"GET", "path":"/api/v1/siswa/444"}
{"pid":3072, "timestamp":"2022/Oct/28 10:49:45", "status":503, "latency":"   52ms", "method":"GET", "path":"/api/v1/siswa/444"}
{"pid":3072, "timestamp":"2022/Oct/28 10:53:47", "status":404, "latency":"     0s", "method":"PUT", "path":"/api/v1/4"}
{"pid":3072, "timestamp":"2022/Oct/28 10:54:17", "status":404, "latency":"     0s", "method":"PUT", "path":"/api/v1/4"}
{"pid":3072, "timestamp":"2022/Oct/28 10:54:44", "status":404, "latency":"     0s", "method":"PUT", "path":"/api/v1/4"}
{"pid":3072, "timestamp":"2022/Oct/28 10:54:48", "status":404, "latency":"     0s", "method":"PUT", "path":"/api/v1/4"}
{"pid":3072, "timestamp":"2022/Oct/28 10:55:06", "status":200, "latency":"    7ms", "method":"PUT", "path":"/api/v1/siswa/4"}
{"pid":3071, "timestamp":"2022/Oct/28 10:56:28", "status":200, "latency":"   51ms", "method":"PUT", "path":"/api/v1/siswa/3"}
{"pid":3072, "timestamp":"2022/Oct/28 10:57:52", "status":405, "latency":"     0s", "method":"DELETE", "path":"/api/v1/siswa/6"}
{"pid":3271, "timestamp":"2022/Oct/28 10:58:28", "status":500, "latency":"  114ms", "method":"DELETE", "path":"/api/v1/siswa/6"}
{"pid":3350, "timestamp":"2022/Oct/28 10:59:39", "status":200, "latency":"   71ms", "method":"DELETE", "path":"/api/v1/siswa/6"}
{"pid":319, "timestamp":"2022/Oct/29 09:29:06", "status":404, "latency":"     0s", "method":"POST", "path":"/api/v1"}
{"pid":369, "timestamp":"2022/Oct/29 09:29:20", "status":200, "latency":"   71ms", "method":"POST", "path":"/api/v1/siswa"}
{"pid":369, "timestamp":"2022/Oct/29 09:29:32", "status":200, "latency":"    4ms", "method":"POST", "path":"/api/v1/siswa"}
{"pid":369, "timestamp":"2022/Oct/29 09:29:39", "status":400, "latency":"    9ms", "method":"POST", "path":"/api/v1/siswa"}
{"pid":1053, "timestamp":"2022/Oct/29 09:39:15", "status":400, "latency":"    6ms", "method":"POST", "path":"/api/v1/bayar"}
{"pid":1054, "timestamp":"2022/Oct/29 09:39:48", "status":200, "latency":"   83ms", "method":"POST", "path":"/api/v1/bayar"}
{"pid":1053, "timestamp":"2022/Oct/29 09:41:11", "status":500, "latency":"   38ms", "method":"GET", "path":"/api/v1/bayar"}
{"pid":1124, "timestamp":"2022/Oct/29 09:41:38", "status":200, "latency":"  248ms", "method":"GET", "path":"/api/v1/bayar"}
{"pid":1124, "timestamp":"2022/Oct/29 09:42:21", "status":200, "latency":"    1ms", "method":"GET", "path":"/api/v1/bayar/1"}
{"pid":1124, "timestamp":"2022/Oct/29 09:42:25", "status":503, "latency":"   12ms", "method":"GET", "path":"/api/v1/bayar/2"}
{"pid":1124, "timestamp":"2022/Oct/29 09:42:30", "status":200, "latency":"    1ms", "method":"GET", "path":"/api/v1/bayar/1"}
{"pid":1124, "timestamp":"2022/Oct/29 09:44:17", "status":200, "latency":"    1ms", "method":"GET", "path":"/api/v1/bayar"}
{"pid":1124, "timestamp":"2022/Oct/29 09:45:08", "status":200, "latency":"   12ms", "method":"PUT", "path":"/api/v1/siswa/1"}
{"pid":1124, "timestamp":"2022/Oct/29 09:45:12", "status":200, "latency":"    3ms", "method":"GET", "path":"/api/v1/bayar"}
{"pid":1429, "timestamp":"2022/Oct/29 09:47:51", "status":200, "latency":"  127ms", "method":"PUT", "path":"/api/v1/siswa/1"}
{"pid":1429, "timestamp":"2022/Oct/29 09:47:54", "status":200, "latency":"    5ms", "method":"GET", "path":"/api/v1/bayar"}
{"pid":1926, "timestamp":"2022/Oct/29 09:52:07", "status":200, "latency":"  177ms", "method":"PUT", "path":"/api/v1/siswa/1"}
{"pid":2037, "timestamp":"2022/Oct/29 09:53:48", "status":405, "latency":"     0s", "method":"PUT", "path":"/api/v1/bayar/1"}
{"pid":2213, "timestamp":"2022/Oct/29 09:56:37", "status":405, "latency":"     0s", "method":"PUT", "path":"/api/v1/bayar/1"}
{"pid":2213, "timestamp":"2022/Oct/29 09:56:43", "status":200, "latency":"   67ms", "method":"PUT", "path":"/api/v1/bayar"}
{"pid":2213, "timestamp":"2022/Oct/29 09:56:47", "status":200, "latency":"    2ms", "method":"GET", "path":"/api/v1/bayar"}
{"pid":2213, "timestamp":"2022/Oct/29 09:57:05", "status":200, "latency":"    8ms", "method":"POST", "path":"/api/v1/bayar"}
{"pid":2213, "timestamp":"2022/Oct/29 09:57:13", "status":200, "latency":"    5ms", "method":"POST", "path":"/api/v1/bayar"}
{"pid":2333, "timestamp":"2022/Oct/29 09:58:34", "status":200, "latency":"  105ms", "method":"POST", "path":"/api/v1/bayar"}
{"pid":2333, "timestamp":"2022/Oct/29 09:58:39", "status":200, "latency":"   11ms", "method":"GET", "path":"/api/v1/bayar"}
{"pid":2333, "timestamp":"2022/Oct/29 09:59:50", "status":200, "latency":"   10ms", "method":"DELETE", "path":"/api/v1/bayar/1/1667011188"}
{"pid":2333, "timestamp":"2022/Oct/29 09:59:54", "status":200, "latency":"    2ms", "method":"GET", "path":"/api/v1/bayar"}
